<?xml version="1.0" encoding="UTF-8"?>
<!-- Generated by org.testng.reporters.JUnitXMLReporter -->
<testsuite hostname="LIN20002679" ignored="0" name="Default test" tests="4" failures="0" timestamp="17 Mar 2020 07:43:45 GMT" time="61.965" errors="0">
  <testcase name="verify_signup_with_set_of_data" time="9.188" classname="signup.SignUpTestWithArrayOfString"/>
  <testcase name="verify_signup_with_set_of_data" time="9.298" classname="signup.SignUpTestWithArrayOfString"/>
  <testcase name="verify_signup_with_set_of_data" time="8.866" classname="signup.SignUpTestWithArrayOfString"/>
  <testcase name="verify_signup_with_set_of_data" time="8.668" classname="signup.SignUpTestWithArrayOfString"/>
</testsuite> <!-- Default test -->
