<?xml version="1.0" encoding="UTF-8"?>
<!-- Generated by org.testng.reporters.JUnitXMLReporter -->
<testsuite hostname="LIN20002679" ignored="0" name="Default test" tests="2" failures="0" timestamp="10 Jun 2020 09:03:06 GMT" time="19.914" errors="0">
  <testcase name="verify_about_us_modal_is_displayed" time="1.499" classname="signup.AboutUsTest"/>
  <testcase name="verify_user_is_able_to_close_about_us_modal" time="2.079" classname="signup.AboutUsTest"/>
</testsuite> <!-- Default test -->
