<?xml version="1.0" encoding="UTF-8"?>
<testng-results skipped="0" failed="0" ignored="0" total="4" passed="4">
  <reporter-output>
  </reporter-output>
  <suite name="Default suite" duration-ms="61965" started-at="2020-03-17T07:42:43Z" finished-at="2020-03-17T07:43:45Z">
    <groups>
    </groups>
    <test name="Default test" duration-ms="61965" started-at="2020-03-17T07:42:43Z" finished-at="2020-03-17T07:43:45Z">
      <class name="signup.SignUpTestWithArrayOfString">
        <test-method status="PASS" signature="testStart()[pri:0, instance:signup.SignUpTestWithArrayOfString@57baeedf]" name="testStart" is-config="true" duration-ms="216" started-at="2020-03-17T07:42:43Z" finished-at="2020-03-17T07:42:43Z">
          <reporter-output>
          </reporter-output>
        </test-method> <!-- testStart -->
        <test-method status="PASS" signature="setup()[pri:0, instance:signup.SignUpTestWithArrayOfString@57baeedf]" name="setup" is-config="true" duration-ms="7127" started-at="2020-03-17T07:42:44Z" finished-at="2020-03-17T07:42:51Z">
          <reporter-output>
          </reporter-output>
        </test-method> <!-- setup -->
        <test-method status="PASS" signature="verify_signup_with_set_of_data(java.lang.String, java.lang.String)[pri:0, instance:signup.SignUpTestWithArrayOfString@57baeedf]" name="verify_signup_with_set_of_data" duration-ms="9188" started-at="2020-03-17T07:42:51Z" data-provider="getUser" finished-at="2020-03-17T07:43:00Z">
          <params>
            <param index="0">
              <value>
                <![CDATA[testkulsum]]>
              </value>
            </param>
            <param index="1">
              <value>
                <![CDATA[testkulsum]]>
              </value>
            </param>
          </params>
          <reporter-output>
          </reporter-output>
        </test-method> <!-- verify_signup_with_set_of_data -->
        <test-method status="PASS" signature="teardownend()[pri:0, instance:signup.SignUpTestWithArrayOfString@57baeedf]" name="teardownend" is-config="true" duration-ms="957" started-at="2020-03-17T07:43:00Z" finished-at="2020-03-17T07:43:01Z">
          <reporter-output>
          </reporter-output>
        </test-method> <!-- teardownend -->
        <test-method status="PASS" signature="setup()[pri:0, instance:signup.SignUpTestWithArrayOfString@57baeedf]" name="setup" is-config="true" duration-ms="4484" started-at="2020-03-17T07:43:01Z" finished-at="2020-03-17T07:43:06Z">
          <reporter-output>
          </reporter-output>
        </test-method> <!-- setup -->
        <test-method status="PASS" signature="verify_signup_with_set_of_data(java.lang.String, java.lang.String)[pri:0, instance:signup.SignUpTestWithArrayOfString@57baeedf]" name="verify_signup_with_set_of_data" duration-ms="9298" started-at="2020-03-17T07:43:06Z" data-provider="getUser" finished-at="2020-03-17T07:43:15Z">
          <params>
            <param index="0">
              <value>
                <![CDATA[testfatima]]>
              </value>
            </param>
            <param index="1">
              <value>
                <![CDATA[testfatima]]>
              </value>
            </param>
          </params>
          <reporter-output>
          </reporter-output>
        </test-method> <!-- verify_signup_with_set_of_data -->
        <test-method status="PASS" signature="teardownend()[pri:0, instance:signup.SignUpTestWithArrayOfString@57baeedf]" name="teardownend" is-config="true" duration-ms="954" started-at="2020-03-17T07:43:15Z" finished-at="2020-03-17T07:43:16Z">
          <reporter-output>
          </reporter-output>
        </test-method> <!-- teardownend -->
        <test-method status="PASS" signature="setup()[pri:0, instance:signup.SignUpTestWithArrayOfString@57baeedf]" name="setup" is-config="true" duration-ms="4858" started-at="2020-03-17T07:43:16Z" finished-at="2020-03-17T07:43:21Z">
          <reporter-output>
          </reporter-output>
        </test-method> <!-- setup -->
        <test-method status="PASS" signature="verify_signup_with_set_of_data(java.lang.String, java.lang.String)[pri:0, instance:signup.SignUpTestWithArrayOfString@57baeedf]" name="verify_signup_with_set_of_data" duration-ms="8866" started-at="2020-03-17T07:43:21Z" data-provider="getUser" finished-at="2020-03-17T07:43:30Z">
          <params>
            <param index="0">
              <value>
                <![CDATA[testmaroof]]>
              </value>
            </param>
            <param index="1">
              <value>
                <![CDATA[testmaroof]]>
              </value>
            </param>
          </params>
          <reporter-output>
          </reporter-output>
        </test-method> <!-- verify_signup_with_set_of_data -->
        <test-method status="PASS" signature="teardownend()[pri:0, instance:signup.SignUpTestWithArrayOfString@57baeedf]" name="teardownend" is-config="true" duration-ms="1014" started-at="2020-03-17T07:43:30Z" finished-at="2020-03-17T07:43:31Z">
          <reporter-output>
          </reporter-output>
        </test-method> <!-- teardownend -->
        <test-method status="PASS" signature="setup()[pri:0, instance:signup.SignUpTestWithArrayOfString@57baeedf]" name="setup" is-config="true" duration-ms="4707" started-at="2020-03-17T07:43:31Z" finished-at="2020-03-17T07:43:35Z">
          <reporter-output>
          </reporter-output>
        </test-method> <!-- setup -->
        <test-method status="PASS" signature="verify_signup_with_set_of_data(java.lang.String, java.lang.String)[pri:0, instance:signup.SignUpTestWithArrayOfString@57baeedf]" name="verify_signup_with_set_of_data" duration-ms="8668" started-at="2020-03-17T07:43:35Z" data-provider="getUser" finished-at="2020-03-17T07:43:44Z">
          <params>
            <param index="0">
              <value>
                <![CDATA[k523]]>
              </value>
            </param>
            <param index="1">
              <value>
                <![CDATA[k523]]>
              </value>
            </param>
          </params>
          <reporter-output>
          </reporter-output>
        </test-method> <!-- verify_signup_with_set_of_data -->
        <test-method status="PASS" signature="teardownend()[pri:0, instance:signup.SignUpTestWithArrayOfString@57baeedf]" name="teardownend" is-config="true" duration-ms="954" started-at="2020-03-17T07:43:44Z" finished-at="2020-03-17T07:43:45Z">
          <reporter-output>
          </reporter-output>
        </test-method> <!-- teardownend -->
        <test-method status="PASS" signature="teardown()[pri:0, instance:signup.SignUpTestWithArrayOfString@57baeedf]" name="teardown" is-config="true" duration-ms="349" started-at="2020-03-17T07:43:45Z" finished-at="2020-03-17T07:43:45Z">
          <reporter-output>
          </reporter-output>
        </test-method> <!-- teardown -->
      </class> <!-- signup.SignUpTestWithArrayOfString -->
    </test> <!-- Default test -->
  </suite> <!-- Default suite -->
</testng-results>
