<?xml version="1.0" encoding="UTF-8"?>
<testng-results skipped="0" failed="0" ignored="0" total="1" passed="1">
  <reporter-output>
  </reporter-output>
  <suite name="Default suite" duration-ms="13871" started-at="2021-03-16T08:25:18Z" finished-at="2021-03-16T08:25:31Z">
    <groups>
    </groups>
    <test name="Default test" duration-ms="13871" started-at="2021-03-16T08:25:18Z" finished-at="2021-03-16T08:25:31Z">
      <class name="login.SchemaProfilePage">
        <test-method status="PASS" signature="testStart()[pri:0, instance:login.SchemaProfilePage@464bee09]" name="testStart" is-config="true" duration-ms="239" started-at="2021-03-16T08:25:17Z" finished-at="2021-03-16T08:25:18Z">
          <reporter-output>
          </reporter-output>
        </test-method> <!-- testStart -->
        <test-method status="PASS" signature="setup()[pri:0, instance:login.SchemaProfilePage@464bee09]" name="setup" is-config="true" duration-ms="11470" started-at="2021-03-16T08:25:18Z" finished-at="2021-03-16T08:25:29Z">
          <reporter-output>
          </reporter-output>
        </test-method> <!-- setup -->
        <test-method status="PASS" signature="Verify_presence_of_search_icon_on_home_page()[pri:1, instance:login.SchemaProfilePage@464bee09]" name="Verify_presence_of_search_icon_on_home_page" duration-ms="1127" started-at="2021-03-16T08:25:29Z" finished-at="2021-03-16T08:25:30Z">
          <reporter-output>
          </reporter-output>
        </test-method> <!-- Verify_presence_of_search_icon_on_home_page -->
        <test-method status="PASS" signature="teardownend()[pri:0, instance:login.SchemaProfilePage@464bee09]" name="teardownend" is-config="true" duration-ms="1247" started-at="2021-03-16T08:25:30Z" finished-at="2021-03-16T08:25:31Z">
          <reporter-output>
          </reporter-output>
        </test-method> <!-- teardownend -->
        <test-method status="PASS" signature="teardown()[pri:0, instance:login.SchemaProfilePage@464bee09]" name="teardown" is-config="true" duration-ms="282" started-at="2021-03-16T08:25:31Z" finished-at="2021-03-16T08:25:32Z">
          <reporter-output>
          </reporter-output>
        </test-method> <!-- teardown -->
      </class> <!-- login.SchemaProfilePage -->
    </test> <!-- Default test -->
  </suite> <!-- Default suite -->
</testng-results>
